INFO [2023-02-19 19:30:26] Starting tca...
INFO [2023-02-19 19:30:26] Validating input...
INFO [2023-02-19 19:30:26] Fitting the TCA model...
INFO [2023-02-19 19:30:26] Fitting means and variances...
INFO [2023-02-19 19:30:26] Iteration 1 out of 10 internal iterations...
INFO [2023-02-19 19:30:32] Iteration 2 out of 10 internal iterations...
INFO [2023-02-19 19:30:41] Internal loop converged.
INFO [2023-02-19 19:30:41] Calculate p-values for deltas and gammas.
INFO [2023-02-19 19:31:57] Finished tca.
INFO [2023-02-21 22:17:48] Starting tca...
INFO [2023-02-21 22:17:48] Validating input...
INFO [2023-02-21 22:19:50] Starting tca...
INFO [2023-02-21 22:19:50] Validating input...
INFO [2023-02-21 22:22:59] Starting tca...
INFO [2023-02-21 22:22:59] Validating input...
INFO [2023-02-21 22:26:03] Starting tca...
INFO [2023-02-21 22:26:03] Validating input...
INFO [2023-02-21 22:28:16] Starting tca...
INFO [2023-02-21 22:28:16] Validating input...
INFO [2023-02-21 22:36:26] Starting tca...
INFO [2023-02-21 22:36:26] Validating input...
INFO [2023-02-21 22:36:28] Fitting the TCA model...
INFO [2023-02-21 22:36:28] Fitting means and variances...
INFO [2023-02-21 22:38:19] Starting tca...
INFO [2023-02-21 22:38:19] Validating input...
INFO [2023-02-21 22:38:20] Fitting the TCA model...
INFO [2023-02-21 22:38:20] Fitting means and variances...
INFO [2023-02-21 22:44:13] Starting tca...
INFO [2023-02-21 22:44:13] Validating input...
INFO [2023-02-21 22:44:14] Fitting the TCA model...
INFO [2023-02-21 22:44:15] Fitting means and variances...
INFO [2023-02-21 22:44:15] Iteration 1 out of 10 internal iterations...
INFO [2023-02-22 13:53:12] Starting tca...
INFO [2023-02-22 13:53:12] Validating input...
INFO [2023-02-22 13:57:44] Starting tca...
INFO [2023-02-22 13:57:44] Validating input...
INFO [2023-02-22 13:57:47] Fitting the TCA model...
INFO [2023-02-22 13:57:47] Fitting means and variances...
INFO [2023-02-22 13:57:47] Iteration 1 out of 10 internal iterations...
INFO [2023-02-22 14:13:30] Iteration 2 out of 10 internal iterations...
INFO [2023-02-22 14:35:17] Internal loop converged.
INFO [2023-02-22 14:35:17] Calculate p-values for deltas and gammas.
INFO [2023-02-22 16:22:57] Finished tca.
